  Using bundled DotNet SDK
  Log file: C:\Users\M T\AppData\Local\UnrealBuildTool\Log.txt
  Using 'git status' to determine working set for adaptive non-unity build (D:\Documents\GitHub\3rd-Person-Multiplayer-Template).
  Waiting for 'git status' command to complete
  Invalidating makefile for MPShooterEditor (working set of source files changed)
  Building MPShooterEditor...
  Using Visual Studio 2019 14.29.30141 toolchain (C:\Program Files (x86)\Microsoft Visual Studio\2019\Community\VC\Tools\MSVC\14.29.30133) and Windows 10.0.19041.0 SDK (C:\Program Files (x86)\Windows Kits\10).
  [Adaptive Build] Excluded from MPShooter unity file: MPCharacter.cpp, MPHUD.cpp, PlayerChatBox.cpp, AmmoPickup.cpp, Pickup.cpp, ThrowableWeaponPickup.cpp, Projectile.cpp, ThrowableWeapon.cpp, Weapon.cpp, Item.cpp, CombatComponent.cpp, MPPlayerController.cpp
  [Adaptive Build] Excluded from MPShooter unity file: AmmoPickup.gen.cpp, CombatComponent.gen.cpp, GrenadeThrowableWeapon.gen.cpp, HitActor.gen.cpp, HitScanWeapon.gen.cpp, MPPlayerController.gen.cpp, MPShooter.init.gen.cpp, PlayerChatBox.gen.cpp, Projectile.gen.cpp, ProjectileBullet.gen.cpp, ProjectileGrenade.gen.cpp, ProjectileRocket.gen.cpp, ProjectileWeapon.gen.cpp, ShotgunWeapon.gen.cpp, ThrowableWeapon.gen.cpp, ThrowableWeaponPickup.gen.cpp, Weapon.gen.cpp, WeaponTypes.gen.cpp
  Determining max actions to execute in parallel (6 physical cores, 12 logical cores)
    Executing up to 6 processes, one per physical core
    Requested 1.5 GB free memory per action, 5.87 GB available: limiting max parallel actions to 3
  Building 5 actions with 3 processes...
  [1/5] Compile Pickup.cpp
  [2/5] Compile Module.MPShooter.cpp
D:\Documents\GitHub\3rd-Person-Multiplayer-Template\MPShooter\Source\MPShooter\Item\Pickup\PickupSpawnPoint.cpp(31): warning C4996: 'FMath::FRandRange': Arguments cause function resolution ambiguity, expected a floating point type. Please update your code to the new API before upgrading to the next release, otherwise your project will no longer compile.
  [3/5] Link UnrealEditor-MPShooter.lib
     Creating library D:\Documents\GitHub\3rd-Person-Multiplayer-Template\MPShooter\Intermediate\Build\Win64\UnrealEditor\Development\MPShooter\UnrealEditor-MPShooter.lib and object D:\Documents\GitHub\3rd-Person-Multiplayer-Template\MPShooter\Intermediate\Build\Win64\UnrealEditor\Development\MPShooter\UnrealEditor-MPShooter.exp
  [4/5] Link UnrealEditor-MPShooter.dll
     Creating library D:\Documents\GitHub\3rd-Person-Multiplayer-Template\MPShooter\Intermediate\Build\Win64\UnrealEditor\Development\MPShooter\UnrealEditor-MPShooter.suppressed.lib and object D:\Documents\GitHub\3rd-Person-Multiplayer-Template\MPShooter\Intermediate\Build\Win64\UnrealEditor\Development\MPShooter\UnrealEditor-MPShooter.suppressed.exp
  [5/5] WriteMetadata MPShooterEditor.target
  Total time in Parallel executor: 54.55 seconds
  Total execution time: 57.80 seconds
